2019-07-17 20:15:06.782  INFO 23240 --- [main] com.ray.myblog.MyblogApplication         : Starting MyblogApplication on DESKTOP-QFAQUJF with PID 23240 (D:\Projects\IdeaProjects\myblog\target\classes started by ray in D:\Projects\IdeaProjects\myblog)
2019-07-17 20:15:06.795  INFO 23240 --- [main] com.ray.myblog.MyblogApplication         : No active profile set, falling back to default profiles: default
2019-07-17 20:15:08.801  INFO 23240 --- [main] o.s.b.w.embedded.tomcat.TomcatWebServer  : Tomcat initialized with port(s): 8080 (http)
2019-07-17 20:15:08.820  INFO 23240 --- [main] o.apache.catalina.core.StandardService   : Starting service [Tomcat]
2019-07-17 20:15:08.821  INFO 23240 --- [main] org.apache.catalina.core.StandardEngine  : Starting Servlet engine: [Apache Tomcat/9.0.21]
2019-07-17 20:15:08.919  INFO 23240 --- [main] o.a.c.c.C.[.[localhost].[/myblog]        : Initializing Spring embedded WebApplicationContext
2019-07-17 20:15:08.920  INFO 23240 --- [main] o.s.web.context.ContextLoader            : Root WebApplicationContext: initialization completed in 2063 ms
2019-07-17 20:15:08.996  INFO 23240 --- [main] c.a.d.s.b.a.DruidDataSourceAutoConfigure : Init DruidDataSource
2019-07-17 20:15:09.661  INFO 23240 --- [main] com.alibaba.druid.pool.DruidDataSource   : {dataSource-1} inited
2019-07-17 20:15:10.120  INFO 23240 --- [main] o.s.s.concurrent.ThreadPoolTaskExecutor  : Initializing ExecutorService 'applicationTaskExecutor'
2019-07-17 20:15:10.240  INFO 23240 --- [main] o.s.b.a.w.s.WelcomePageHandlerMapping    : Adding welcome page template: index
2019-07-17 20:15:10.383  INFO 23240 --- [main] o.s.b.w.embedded.tomcat.TomcatWebServer  : Tomcat started on port(s): 8080 (http) with context path '/myblog'
2019-07-17 20:15:10.385  INFO 23240 --- [main] com.ray.myblog.MyblogApplication         : Started MyblogApplication in 4.096 seconds (JVM running for 4.989)
2019-07-17 20:15:19.415  INFO 23240 --- [http-nio-8080-exec-1] o.a.c.c.C.[.[localhost].[/myblog]        : Initializing Spring DispatcherServlet 'dispatcherServlet'
2019-07-17 20:15:19.415  INFO 23240 --- [http-nio-8080-exec-1] o.s.web.servlet.DispatcherServlet        : Initializing Servlet 'dispatcherServlet'
2019-07-17 20:15:19.422  INFO 23240 --- [http-nio-8080-exec-1] o.s.web.servlet.DispatcherServlet        : Completed initialization in 7 ms
2019-07-17 20:15:19.451  INFO 23240 --- [http-nio-8080-exec-1] com.ray.myblog.aspect.HttpRequestAspect  : ----------开始切入----------
2019-07-17 20:15:19.452  INFO 23240 --- [http-nio-8080-exec-1] com.ray.myblog.aspect.HttpRequestAspect  : requestIp=0:0:0:0:0:0:0:1, requestUri=/myblog/
2019-07-17 20:15:19.488 DEBUG 23240 --- [http-nio-8080-exec-1] c.r.m.d.SystemLogMapper.insertSelective  : ==>  Preparing: insert into tbl_sys_log ( ip, uri ) values ( ?, ? ) 
2019-07-17 20:15:19.510 DEBUG 23240 --- [http-nio-8080-exec-1] c.r.m.d.SystemLogMapper.insertSelective  : ==> Parameters: 0:0:0:0:0:0:0:1(String), /myblog/(String)
2019-07-17 20:15:19.520 DEBUG 23240 --- [http-nio-8080-exec-1] c.r.m.d.SystemLogMapper.insertSelective  : <==    Updates: 1
2019-07-17 20:15:19.529 DEBUG 23240 --- [http-nio-8080-exec-1] c.r.m.d.SystemVisitMapper.increaseTimes  : ==>  Preparing: update tbl_sys_visit set visit_times = visit_times+1 
2019-07-17 20:15:19.534 DEBUG 23240 --- [http-nio-8080-exec-1] c.r.m.d.SystemVisitMapper.increaseTimes  : ==> Parameters: 
2019-07-17 20:15:19.539 DEBUG 23240 --- [http-nio-8080-exec-1] c.r.m.d.SystemVisitMapper.increaseTimes  : <==    Updates: 1
2019-07-17 20:15:19.566 DEBUG 23240 --- [http-nio-8080-exec-1] c.r.m.d.A.selectByExample_COUNT          : ==>  Preparing: SELECT count(0) FROM tbl_article_info 
2019-07-17 20:15:19.567 DEBUG 23240 --- [http-nio-8080-exec-1] c.r.m.d.A.selectByExample_COUNT          : ==> Parameters: 
2019-07-17 20:15:19.576 DEBUG 23240 --- [http-nio-8080-exec-1] c.r.m.d.A.selectByExample_COUNT          : <==      Total: 1
2019-07-17 20:15:19.579 DEBUG 23240 --- [http-nio-8080-exec-1] c.r.m.d.A.selectByExample                : ==>  Preparing: SELECT 'false' AS QUERYID, id, title, summary, view_times, is_top, created, modified FROM tbl_article_info order by id DESC LIMIT ? 
2019-07-17 20:15:19.583 DEBUG 23240 --- [http-nio-8080-exec-1] c.r.m.d.A.selectByExample                : ==> Parameters: 5(Integer)
2019-07-17 20:15:19.586 DEBUG 23240 --- [http-nio-8080-exec-1] c.r.m.d.A.selectByExample                : <==      Total: 5
2019-07-17 20:15:19.596 DEBUG 23240 --- [http-nio-8080-exec-1] c.r.m.d.A.selectByExample                : ==>  Preparing: select 'false' as QUERYID, id, article_id, image_url, created, modified from tbl_article_image WHERE ( article_id = ? ) 
2019-07-17 20:15:19.609 DEBUG 23240 --- [http-nio-8080-exec-1] c.r.m.d.A.selectByExample                : ==> Parameters: 34(Long)
2019-07-17 20:15:19.610 DEBUG 23240 --- [http-nio-8080-exec-1] c.r.m.d.A.selectByExample                : <==      Total: 1
2019-07-17 20:15:19.614 DEBUG 23240 --- [http-nio-8080-exec-1] c.r.m.d.A.selectByExample                : ==>  Preparing: select 'false' as QUERYID, id, article_id, category_id, created, modified from tbl_article_category WHERE ( article_id = ? ) 
2019-07-17 20:15:19.614 DEBUG 23240 --- [http-nio-8080-exec-1] c.r.m.d.A.selectByExample                : ==> Parameters: 34(Long)
2019-07-17 20:15:19.616 DEBUG 23240 --- [http-nio-8080-exec-1] c.r.m.d.A.selectByExample                : <==      Total: 1
2019-07-17 20:15:19.617 DEBUG 23240 --- [http-nio-8080-exec-1] c.r.m.d.C.selectByPrimaryKey             : ==>  Preparing: select id, name, is_effective, created, modified from tbl_category_info where id = ? 
2019-07-17 20:15:19.618 DEBUG 23240 --- [http-nio-8080-exec-1] c.r.m.d.C.selectByPrimaryKey             : ==> Parameters: 18(Long)
2019-07-17 20:15:19.621 DEBUG 23240 --- [http-nio-8080-exec-1] c.r.m.d.C.selectByPrimaryKey             : <==      Total: 1
2019-07-17 20:15:19.622 DEBUG 23240 --- [http-nio-8080-exec-1] c.r.m.d.A.selectByExample                : ==>  Preparing: select 'false' as QUERYID, id, article_id, image_url, created, modified from tbl_article_image WHERE ( article_id = ? ) 
2019-07-17 20:15:19.622 DEBUG 23240 --- [http-nio-8080-exec-1] c.r.m.d.A.selectByExample                : ==> Parameters: 32(Long)
2019-07-17 20:15:19.624 DEBUG 23240 --- [http-nio-8080-exec-1] c.r.m.d.A.selectByExample                : <==      Total: 1
2019-07-17 20:15:19.625 DEBUG 23240 --- [http-nio-8080-exec-1] c.r.m.d.A.selectByExample                : ==>  Preparing: select 'false' as QUERYID, id, article_id, category_id, created, modified from tbl_article_category WHERE ( article_id = ? ) 
2019-07-17 20:15:19.625 DEBUG 23240 --- [http-nio-8080-exec-1] c.r.m.d.A.selectByExample                : ==> Parameters: 32(Long)
2019-07-17 20:15:19.627 DEBUG 23240 --- [http-nio-8080-exec-1] c.r.m.d.A.selectByExample                : <==      Total: 1
2019-07-17 20:15:19.628 DEBUG 23240 --- [http-nio-8080-exec-1] c.r.m.d.C.selectByPrimaryKey             : ==>  Preparing: select id, name, is_effective, created, modified from tbl_category_info where id = ? 
2019-07-17 20:15:19.628 DEBUG 23240 --- [http-nio-8080-exec-1] c.r.m.d.C.selectByPrimaryKey             : ==> Parameters: 17(Long)
2019-07-17 20:15:19.629 DEBUG 23240 --- [http-nio-8080-exec-1] c.r.m.d.C.selectByPrimaryKey             : <==      Total: 1
2019-07-17 20:15:19.630 DEBUG 23240 --- [http-nio-8080-exec-1] c.r.m.d.A.selectByExample                : ==>  Preparing: select 'false' as QUERYID, id, article_id, image_url, created, modified from tbl_article_image WHERE ( article_id = ? ) 
2019-07-17 20:15:19.631 DEBUG 23240 --- [http-nio-8080-exec-1] c.r.m.d.A.selectByExample                : ==> Parameters: 31(Long)
2019-07-17 20:15:19.632 DEBUG 23240 --- [http-nio-8080-exec-1] c.r.m.d.A.selectByExample                : <==      Total: 1
2019-07-17 20:15:19.633 DEBUG 23240 --- [http-nio-8080-exec-1] c.r.m.d.A.selectByExample                : ==>  Preparing: select 'false' as QUERYID, id, article_id, category_id, created, modified from tbl_article_category WHERE ( article_id = ? ) 
2019-07-17 20:15:19.633 DEBUG 23240 --- [http-nio-8080-exec-1] c.r.m.d.A.selectByExample                : ==> Parameters: 31(Long)
2019-07-17 20:15:19.634 DEBUG 23240 --- [http-nio-8080-exec-1] c.r.m.d.A.selectByExample                : <==      Total: 1
2019-07-17 20:15:19.635 DEBUG 23240 --- [http-nio-8080-exec-1] c.r.m.d.C.selectByPrimaryKey             : ==>  Preparing: select id, name, is_effective, created, modified from tbl_category_info where id = ? 
2019-07-17 20:15:19.635 DEBUG 23240 --- [http-nio-8080-exec-1] c.r.m.d.C.selectByPrimaryKey             : ==> Parameters: 16(Long)
2019-07-17 20:15:19.636 DEBUG 23240 --- [http-nio-8080-exec-1] c.r.m.d.C.selectByPrimaryKey             : <==      Total: 1
2019-07-17 20:15:19.637 DEBUG 23240 --- [http-nio-8080-exec-1] c.r.m.d.A.selectByExample                : ==>  Preparing: select 'false' as QUERYID, id, article_id, image_url, created, modified from tbl_article_image WHERE ( article_id = ? ) 
2019-07-17 20:15:19.638 DEBUG 23240 --- [http-nio-8080-exec-1] c.r.m.d.A.selectByExample                : ==> Parameters: 29(Long)
2019-07-17 20:15:19.639 DEBUG 23240 --- [http-nio-8080-exec-1] c.r.m.d.A.selectByExample                : <==      Total: 1
2019-07-17 20:15:19.640 DEBUG 23240 --- [http-nio-8080-exec-1] c.r.m.d.A.selectByExample                : ==>  Preparing: select 'false' as QUERYID, id, article_id, category_id, created, modified from tbl_article_category WHERE ( article_id = ? ) 
2019-07-17 20:15:19.640 DEBUG 23240 --- [http-nio-8080-exec-1] c.r.m.d.A.selectByExample                : ==> Parameters: 29(Long)
2019-07-17 20:15:19.641 DEBUG 23240 --- [http-nio-8080-exec-1] c.r.m.d.A.selectByExample                : <==      Total: 1
2019-07-17 20:15:19.642 DEBUG 23240 --- [http-nio-8080-exec-1] c.r.m.d.C.selectByPrimaryKey             : ==>  Preparing: select id, name, is_effective, created, modified from tbl_category_info where id = ? 
2019-07-17 20:15:19.642 DEBUG 23240 --- [http-nio-8080-exec-1] c.r.m.d.C.selectByPrimaryKey             : ==> Parameters: 12(Long)
2019-07-17 20:15:19.643 DEBUG 23240 --- [http-nio-8080-exec-1] c.r.m.d.C.selectByPrimaryKey             : <==      Total: 1
2019-07-17 20:15:19.645 DEBUG 23240 --- [http-nio-8080-exec-1] c.r.m.d.A.selectByExample                : ==>  Preparing: select 'false' as QUERYID, id, article_id, image_url, created, modified from tbl_article_image WHERE ( article_id = ? ) 
2019-07-17 20:15:19.645 DEBUG 23240 --- [http-nio-8080-exec-1] c.r.m.d.A.selectByExample                : ==> Parameters: 28(Long)
2019-07-17 20:15:19.646 DEBUG 23240 --- [http-nio-8080-exec-1] c.r.m.d.A.selectByExample                : <==      Total: 1
2019-07-17 20:15:19.647 DEBUG 23240 --- [http-nio-8080-exec-1] c.r.m.d.A.selectByExample                : ==>  Preparing: select 'false' as QUERYID, id, article_id, category_id, created, modified from tbl_article_category WHERE ( article_id = ? ) 
2019-07-17 20:15:19.647 DEBUG 23240 --- [http-nio-8080-exec-1] c.r.m.d.A.selectByExample                : ==> Parameters: 28(Long)
2019-07-17 20:15:19.648 DEBUG 23240 --- [http-nio-8080-exec-1] c.r.m.d.A.selectByExample                : <==      Total: 1
2019-07-17 20:15:19.649 DEBUG 23240 --- [http-nio-8080-exec-1] c.r.m.d.C.selectByPrimaryKey             : ==>  Preparing: select id, name, is_effective, created, modified from tbl_category_info where id = ? 
2019-07-17 20:15:19.649 DEBUG 23240 --- [http-nio-8080-exec-1] c.r.m.d.C.selectByPrimaryKey             : ==> Parameters: 12(Long)
2019-07-17 20:15:19.650 DEBUG 23240 --- [http-nio-8080-exec-1] c.r.m.d.C.selectByPrimaryKey             : <==      Total: 1
2019-07-17 20:15:19.650  INFO 23240 --- [http-nio-8080-exec-1] com.ray.myblog.aspect.HttpRequestAspect  : ----------执行完成----------
2019-07-17 20:15:19.650  INFO 23240 --- [http-nio-8080-exec-1] com.ray.myblog.aspect.HttpRequestAspect  : 切入返回：index
2019-07-17 20:15:25.482 DEBUG 23240 --- [http-nio-8080-exec-3] c.r.m.dao.SystemVisitMapper.getTimes     : ==>  Preparing: select visit_times from tbl_sys_visit where id = 1 
2019-07-17 20:15:25.484 DEBUG 23240 --- [http-nio-8080-exec-3] c.r.m.dao.SystemVisitMapper.getTimes     : ==> Parameters: 
2019-07-17 20:15:25.486 DEBUG 23240 --- [http-nio-8080-exec-3] c.r.m.dao.SystemVisitMapper.getTimes     : <==      Total: 1
2019-07-17 20:15:25.488 DEBUG 23240 --- [http-nio-8080-exec-3] c.r.m.d.C.selectByExample                : ==>  Preparing: select 'false' as QUERYID, id, content, name, email, ip, is_effective, created, modified from tbl_comment_info 
2019-07-17 20:15:25.490 DEBUG 23240 --- [http-nio-8080-exec-3] c.r.m.d.C.selectByExample                : ==> Parameters: 
2019-07-17 20:15:25.500 DEBUG 23240 --- [http-nio-8080-exec-3] c.r.m.d.C.selectByExample                : <==      Total: 13
2019-07-17 20:15:25.503 DEBUG 23240 --- [http-nio-8080-exec-3] c.r.m.d.A.selectByExample                : ==>  Preparing: select 'false' as QUERYID, id, title, summary, view_times, is_top, created, modified from tbl_article_info 
2019-07-17 20:15:25.505 DEBUG 23240 --- [http-nio-8080-exec-3] c.r.m.d.A.selectByExample                : ==> Parameters: 
2019-07-17 20:15:25.515 DEBUG 23240 --- [http-nio-8080-exec-3] c.r.m.d.A.selectByExample                : <==      Total: 29
2019-07-17 20:16:12.440  INFO 23240 --- [http-nio-8080-exec-8] com.ray.myblog.aspect.HttpRequestAspect  : ----------开始切入----------
2019-07-17 20:16:12.440  INFO 23240 --- [http-nio-8080-exec-8] com.ray.myblog.aspect.HttpRequestAspect  : requestIp=0:0:0:0:0:0:0:1, requestUri=/myblog/
2019-07-17 20:16:12.441 DEBUG 23240 --- [http-nio-8080-exec-8] c.r.m.d.SystemLogMapper.insertSelective  : ==>  Preparing: insert into tbl_sys_log ( ip, uri ) values ( ?, ? ) 
2019-07-17 20:16:12.441 DEBUG 23240 --- [http-nio-8080-exec-8] c.r.m.d.SystemLogMapper.insertSelective  : ==> Parameters: 0:0:0:0:0:0:0:1(String), /myblog/(String)
2019-07-17 20:16:12.445 DEBUG 23240 --- [http-nio-8080-exec-8] c.r.m.d.SystemLogMapper.insertSelective  : <==    Updates: 1
2019-07-17 20:16:12.447 DEBUG 23240 --- [http-nio-8080-exec-8] c.r.m.d.A.selectByExample_COUNT          : ==>  Preparing: SELECT count(0) FROM tbl_article_info 
2019-07-17 20:16:12.447 DEBUG 23240 --- [http-nio-8080-exec-8] c.r.m.d.A.selectByExample_COUNT          : ==> Parameters: 
2019-07-17 20:16:12.448 DEBUG 23240 --- [http-nio-8080-exec-8] c.r.m.d.A.selectByExample_COUNT          : <==      Total: 1
2019-07-17 20:16:12.449 DEBUG 23240 --- [http-nio-8080-exec-8] c.r.m.d.A.selectByExample                : ==>  Preparing: SELECT 'false' AS QUERYID, id, title, summary, view_times, is_top, created, modified FROM tbl_article_info order by id DESC LIMIT ? 
2019-07-17 20:16:12.450 DEBUG 23240 --- [http-nio-8080-exec-8] c.r.m.d.A.selectByExample                : ==> Parameters: 5(Integer)
2019-07-17 20:16:12.452 DEBUG 23240 --- [http-nio-8080-exec-8] c.r.m.d.A.selectByExample                : <==      Total: 5
2019-07-17 20:16:12.453 DEBUG 23240 --- [http-nio-8080-exec-8] c.r.m.d.A.selectByExample                : ==>  Preparing: select 'false' as QUERYID, id, article_id, image_url, created, modified from tbl_article_image WHERE ( article_id = ? ) 
2019-07-17 20:16:12.454 DEBUG 23240 --- [http-nio-8080-exec-8] c.r.m.d.A.selectByExample                : ==> Parameters: 34(Long)
2019-07-17 20:16:12.457 DEBUG 23240 --- [http-nio-8080-exec-8] c.r.m.d.A.selectByExample                : <==      Total: 1
2019-07-17 20:16:12.458 DEBUG 23240 --- [http-nio-8080-exec-8] c.r.m.d.A.selectByExample                : ==>  Preparing: select 'false' as QUERYID, id, article_id, category_id, created, modified from tbl_article_category WHERE ( article_id = ? ) 
2019-07-17 20:16:12.459 DEBUG 23240 --- [http-nio-8080-exec-8] c.r.m.d.A.selectByExample                : ==> Parameters: 34(Long)
2019-07-17 20:16:12.460 DEBUG 23240 --- [http-nio-8080-exec-8] c.r.m.d.A.selectByExample                : <==      Total: 1
2019-07-17 20:16:12.461 DEBUG 23240 --- [http-nio-8080-exec-8] c.r.m.d.C.selectByPrimaryKey             : ==>  Preparing: select id, name, is_effective, created, modified from tbl_category_info where id = ? 
2019-07-17 20:16:12.461 DEBUG 23240 --- [http-nio-8080-exec-8] c.r.m.d.C.selectByPrimaryKey             : ==> Parameters: 18(Long)
2019-07-17 20:16:12.462 DEBUG 23240 --- [http-nio-8080-exec-8] c.r.m.d.C.selectByPrimaryKey             : <==      Total: 1
2019-07-17 20:16:12.463 DEBUG 23240 --- [http-nio-8080-exec-8] c.r.m.d.A.selectByExample                : ==>  Preparing: select 'false' as QUERYID, id, article_id, image_url, created, modified from tbl_article_image WHERE ( article_id = ? ) 
2019-07-17 20:16:12.463 DEBUG 23240 --- [http-nio-8080-exec-8] c.r.m.d.A.selectByExample                : ==> Parameters: 32(Long)
2019-07-17 20:16:12.465 DEBUG 23240 --- [http-nio-8080-exec-8] c.r.m.d.A.selectByExample                : <==      Total: 1
2019-07-17 20:16:12.466 DEBUG 23240 --- [http-nio-8080-exec-8] c.r.m.d.A.selectByExample                : ==>  Preparing: select 'false' as QUERYID, id, article_id, category_id, created, modified from tbl_article_category WHERE ( article_id = ? ) 
2019-07-17 20:16:12.466 DEBUG 23240 --- [http-nio-8080-exec-8] c.r.m.d.A.selectByExample                : ==> Parameters: 32(Long)
2019-07-17 20:16:12.468 DEBUG 23240 --- [http-nio-8080-exec-8] c.r.m.d.A.selectByExample                : <==      Total: 1
2019-07-17 20:16:12.469 DEBUG 23240 --- [http-nio-8080-exec-8] c.r.m.d.C.selectByPrimaryKey             : ==>  Preparing: select id, name, is_effective, created, modified from tbl_category_info where id = ? 
2019-07-17 20:16:12.469 DEBUG 23240 --- [http-nio-8080-exec-8] c.r.m.d.C.selectByPrimaryKey             : ==> Parameters: 17(Long)
2019-07-17 20:16:12.471 DEBUG 23240 --- [http-nio-8080-exec-8] c.r.m.d.C.selectByPrimaryKey             : <==      Total: 1
2019-07-17 20:16:12.472 DEBUG 23240 --- [http-nio-8080-exec-8] c.r.m.d.A.selectByExample                : ==>  Preparing: select 'false' as QUERYID, id, article_id, image_url, created, modified from tbl_article_image WHERE ( article_id = ? ) 
2019-07-17 20:16:12.473 DEBUG 23240 --- [http-nio-8080-exec-8] c.r.m.d.A.selectByExample                : ==> Parameters: 31(Long)
2019-07-17 20:16:12.475 DEBUG 23240 --- [http-nio-8080-exec-8] c.r.m.d.A.selectByExample                : <==      Total: 1
2019-07-17 20:16:12.476 DEBUG 23240 --- [http-nio-8080-exec-8] c.r.m.d.A.selectByExample                : ==>  Preparing: select 'false' as QUERYID, id, article_id, category_id, created, modified from tbl_article_category WHERE ( article_id = ? ) 
2019-07-17 20:16:12.477 DEBUG 23240 --- [http-nio-8080-exec-8] c.r.m.d.A.selectByExample                : ==> Parameters: 31(Long)
2019-07-17 20:16:12.479 DEBUG 23240 --- [http-nio-8080-exec-8] c.r.m.d.A.selectByExample                : <==      Total: 1
2019-07-17 20:16:12.480 DEBUG 23240 --- [http-nio-8080-exec-8] c.r.m.d.C.selectByPrimaryKey             : ==>  Preparing: select id, name, is_effective, created, modified from tbl_category_info where id = ? 
2019-07-17 20:16:12.480 DEBUG 23240 --- [http-nio-8080-exec-8] c.r.m.d.C.selectByPrimaryKey             : ==> Parameters: 16(Long)
2019-07-17 20:16:12.482 DEBUG 23240 --- [http-nio-8080-exec-8] c.r.m.d.C.selectByPrimaryKey             : <==      Total: 1
2019-07-17 20:16:12.483 DEBUG 23240 --- [http-nio-8080-exec-8] c.r.m.d.A.selectByExample                : ==>  Preparing: select 'false' as QUERYID, id, article_id, image_url, created, modified from tbl_article_image WHERE ( article_id = ? ) 
2019-07-17 20:16:12.483 DEBUG 23240 --- [http-nio-8080-exec-8] c.r.m.d.A.selectByExample                : ==> Parameters: 29(Long)
2019-07-17 20:16:12.485 DEBUG 23240 --- [http-nio-8080-exec-8] c.r.m.d.A.selectByExample                : <==      Total: 1
2019-07-17 20:16:12.486 DEBUG 23240 --- [http-nio-8080-exec-8] c.r.m.d.A.selectByExample                : ==>  Preparing: select 'false' as QUERYID, id, article_id, category_id, created, modified from tbl_article_category WHERE ( article_id = ? ) 
2019-07-17 20:16:12.487 DEBUG 23240 --- [http-nio-8080-exec-8] c.r.m.d.A.selectByExample                : ==> Parameters: 29(Long)
2019-07-17 20:16:12.488 DEBUG 23240 --- [http-nio-8080-exec-8] c.r.m.d.A.selectByExample                : <==      Total: 1
2019-07-17 20:16:12.489 DEBUG 23240 --- [http-nio-8080-exec-8] c.r.m.d.C.selectByPrimaryKey             : ==>  Preparing: select id, name, is_effective, created, modified from tbl_category_info where id = ? 
2019-07-17 20:16:12.489 DEBUG 23240 --- [http-nio-8080-exec-8] c.r.m.d.C.selectByPrimaryKey             : ==> Parameters: 12(Long)
2019-07-17 20:16:12.491 DEBUG 23240 --- [http-nio-8080-exec-8] c.r.m.d.C.selectByPrimaryKey             : <==      Total: 1
2019-07-17 20:16:12.492 DEBUG 23240 --- [http-nio-8080-exec-8] c.r.m.d.A.selectByExample                : ==>  Preparing: select 'false' as QUERYID, id, article_id, image_url, created, modified from tbl_article_image WHERE ( article_id = ? ) 
2019-07-17 20:16:12.492 DEBUG 23240 --- [http-nio-8080-exec-8] c.r.m.d.A.selectByExample                : ==> Parameters: 28(Long)
2019-07-17 20:16:12.493 DEBUG 23240 --- [http-nio-8080-exec-8] c.r.m.d.A.selectByExample                : <==      Total: 1
2019-07-17 20:16:12.494 DEBUG 23240 --- [http-nio-8080-exec-8] c.r.m.d.A.selectByExample                : ==>  Preparing: select 'false' as QUERYID, id, article_id, category_id, created, modified from tbl_article_category WHERE ( article_id = ? ) 
2019-07-17 20:16:12.494 DEBUG 23240 --- [http-nio-8080-exec-8] c.r.m.d.A.selectByExample                : ==> Parameters: 28(Long)
2019-07-17 20:16:12.495 DEBUG 23240 --- [http-nio-8080-exec-8] c.r.m.d.A.selectByExample                : <==      Total: 1
2019-07-17 20:16:12.495 DEBUG 23240 --- [http-nio-8080-exec-8] c.r.m.d.C.selectByPrimaryKey             : ==>  Preparing: select id, name, is_effective, created, modified from tbl_category_info where id = ? 
2019-07-17 20:16:12.495 DEBUG 23240 --- [http-nio-8080-exec-8] c.r.m.d.C.selectByPrimaryKey             : ==> Parameters: 12(Long)
2019-07-17 20:16:12.496 DEBUG 23240 --- [http-nio-8080-exec-8] c.r.m.d.C.selectByPrimaryKey             : <==      Total: 1
2019-07-17 20:16:12.496  INFO 23240 --- [http-nio-8080-exec-8] com.ray.myblog.aspect.HttpRequestAspect  : ----------执行完成----------
2019-07-17 20:16:12.496  INFO 23240 --- [http-nio-8080-exec-8] com.ray.myblog.aspect.HttpRequestAspect  : 切入返回：index
2019-07-17 20:20:21.800  INFO 23240 --- [http-nio-8080-exec-4] com.ray.myblog.aspect.HttpRequestAspect  : ----------开始切入----------
2019-07-17 20:20:21.801  INFO 23240 --- [http-nio-8080-exec-4] com.ray.myblog.aspect.HttpRequestAspect  : requestIp=0:0:0:0:0:0:0:1, requestUri=/myblog/
2019-07-17 20:20:21.825 DEBUG 23240 --- [http-nio-8080-exec-4] c.r.m.d.SystemLogMapper.insertSelective  : ==>  Preparing: insert into tbl_sys_log ( ip, uri ) values ( ?, ? ) 
2019-07-17 20:20:21.825 DEBUG 23240 --- [http-nio-8080-exec-4] c.r.m.d.SystemLogMapper.insertSelective  : ==> Parameters: 0:0:0:0:0:0:0:1(String), /myblog/(String)
2019-07-17 20:20:21.830 DEBUG 23240 --- [http-nio-8080-exec-4] c.r.m.d.SystemLogMapper.insertSelective  : <==    Updates: 1
2019-07-17 20:20:21.831 DEBUG 23240 --- [http-nio-8080-exec-4] c.r.m.d.A.selectByExample_COUNT          : ==>  Preparing: SELECT count(0) FROM tbl_article_info 
2019-07-17 20:20:21.831 DEBUG 23240 --- [http-nio-8080-exec-4] c.r.m.d.A.selectByExample_COUNT          : ==> Parameters: 
2019-07-17 20:20:21.832 DEBUG 23240 --- [http-nio-8080-exec-4] c.r.m.d.A.selectByExample_COUNT          : <==      Total: 1
2019-07-17 20:20:21.833 DEBUG 23240 --- [http-nio-8080-exec-4] c.r.m.d.A.selectByExample                : ==>  Preparing: SELECT 'false' AS QUERYID, id, title, summary, view_times, is_top, created, modified FROM tbl_article_info order by id DESC LIMIT ? 
2019-07-17 20:20:21.833 DEBUG 23240 --- [http-nio-8080-exec-4] c.r.m.d.A.selectByExample                : ==> Parameters: 5(Integer)
2019-07-17 20:20:21.834 DEBUG 23240 --- [http-nio-8080-exec-4] c.r.m.d.A.selectByExample                : <==      Total: 5
2019-07-17 20:20:21.836 DEBUG 23240 --- [http-nio-8080-exec-4] c.r.m.d.A.selectByExample                : ==>  Preparing: select 'false' as QUERYID, id, article_id, image_url, created, modified from tbl_article_image WHERE ( article_id = ? ) 
2019-07-17 20:20:21.836 DEBUG 23240 --- [http-nio-8080-exec-4] c.r.m.d.A.selectByExample                : ==> Parameters: 34(Long)
2019-07-17 20:20:21.837 DEBUG 23240 --- [http-nio-8080-exec-4] c.r.m.d.A.selectByExample                : <==      Total: 1
2019-07-17 20:20:21.838 DEBUG 23240 --- [http-nio-8080-exec-4] c.r.m.d.A.selectByExample                : ==>  Preparing: select 'false' as QUERYID, id, article_id, category_id, created, modified from tbl_article_category WHERE ( article_id = ? ) 
2019-07-17 20:20:21.838 DEBUG 23240 --- [http-nio-8080-exec-4] c.r.m.d.A.selectByExample                : ==> Parameters: 34(Long)
2019-07-17 20:20:21.838 DEBUG 23240 --- [http-nio-8080-exec-4] c.r.m.d.A.selectByExample                : <==      Total: 1
2019-07-17 20:20:21.839 DEBUG 23240 --- [http-nio-8080-exec-4] c.r.m.d.C.selectByPrimaryKey             : ==>  Preparing: select id, name, is_effective, created, modified from tbl_category_info where id = ? 
2019-07-17 20:20:21.839 DEBUG 23240 --- [http-nio-8080-exec-4] c.r.m.d.C.selectByPrimaryKey             : ==> Parameters: 18(Long)
2019-07-17 20:20:21.839 DEBUG 23240 --- [http-nio-8080-exec-4] c.r.m.d.C.selectByPrimaryKey             : <==      Total: 1
2019-07-17 20:20:21.840 DEBUG 23240 --- [http-nio-8080-exec-4] c.r.m.d.A.selectByExample                : ==>  Preparing: select 'false' as QUERYID, id, article_id, image_url, created, modified from tbl_article_image WHERE ( article_id = ? ) 
2019-07-17 20:20:21.840 DEBUG 23240 --- [http-nio-8080-exec-4] c.r.m.d.A.selectByExample                : ==> Parameters: 32(Long)
2019-07-17 20:20:21.841 DEBUG 23240 --- [http-nio-8080-exec-4] c.r.m.d.A.selectByExample                : <==      Total: 1
2019-07-17 20:20:21.841 DEBUG 23240 --- [http-nio-8080-exec-4] c.r.m.d.A.selectByExample                : ==>  Preparing: select 'false' as QUERYID, id, article_id, category_id, created, modified from tbl_article_category WHERE ( article_id = ? ) 
2019-07-17 20:20:21.841 DEBUG 23240 --- [http-nio-8080-exec-4] c.r.m.d.A.selectByExample                : ==> Parameters: 32(Long)
2019-07-17 20:20:21.842 DEBUG 23240 --- [http-nio-8080-exec-4] c.r.m.d.A.selectByExample                : <==      Total: 1
2019-07-17 20:20:21.842 DEBUG 23240 --- [http-nio-8080-exec-4] c.r.m.d.C.selectByPrimaryKey             : ==>  Preparing: select id, name, is_effective, created, modified from tbl_category_info where id = ? 
2019-07-17 20:20:21.842 DEBUG 23240 --- [http-nio-8080-exec-4] c.r.m.d.C.selectByPrimaryKey             : ==> Parameters: 17(Long)
2019-07-17 20:20:21.843 DEBUG 23240 --- [http-nio-8080-exec-4] c.r.m.d.C.selectByPrimaryKey             : <==      Total: 1
2019-07-17 20:20:21.843 DEBUG 23240 --- [http-nio-8080-exec-4] c.r.m.d.A.selectByExample                : ==>  Preparing: select 'false' as QUERYID, id, article_id, image_url, created, modified from tbl_article_image WHERE ( article_id = ? ) 
2019-07-17 20:20:21.843 DEBUG 23240 --- [http-nio-8080-exec-4] c.r.m.d.A.selectByExample                : ==> Parameters: 31(Long)
2019-07-17 20:20:21.844 DEBUG 23240 --- [http-nio-8080-exec-4] c.r.m.d.A.selectByExample                : <==      Total: 1
2019-07-17 20:20:21.845 DEBUG 23240 --- [http-nio-8080-exec-4] c.r.m.d.A.selectByExample                : ==>  Preparing: select 'false' as QUERYID, id, article_id, category_id, created, modified from tbl_article_category WHERE ( article_id = ? ) 
2019-07-17 20:20:21.845 DEBUG 23240 --- [http-nio-8080-exec-4] c.r.m.d.A.selectByExample                : ==> Parameters: 31(Long)
2019-07-17 20:20:21.846 DEBUG 23240 --- [http-nio-8080-exec-4] c.r.m.d.A.selectByExample                : <==      Total: 1
2019-07-17 20:20:21.846 DEBUG 23240 --- [http-nio-8080-exec-4] c.r.m.d.C.selectByPrimaryKey             : ==>  Preparing: select id, name, is_effective, created, modified from tbl_category_info where id = ? 
2019-07-17 20:20:21.846 DEBUG 23240 --- [http-nio-8080-exec-4] c.r.m.d.C.selectByPrimaryKey             : ==> Parameters: 16(Long)
2019-07-17 20:20:21.847 DEBUG 23240 --- [http-nio-8080-exec-4] c.r.m.d.C.selectByPrimaryKey             : <==      Total: 1
2019-07-17 20:20:21.848 DEBUG 23240 --- [http-nio-8080-exec-4] c.r.m.d.A.selectByExample                : ==>  Preparing: select 'false' as QUERYID, id, article_id, image_url, created, modified from tbl_article_image WHERE ( article_id = ? ) 
2019-07-17 20:20:21.848 DEBUG 23240 --- [http-nio-8080-exec-4] c.r.m.d.A.selectByExample                : ==> Parameters: 29(Long)
2019-07-17 20:20:21.849 DEBUG 23240 --- [http-nio-8080-exec-4] c.r.m.d.A.selectByExample                : <==      Total: 1
2019-07-17 20:20:21.850 DEBUG 23240 --- [http-nio-8080-exec-4] c.r.m.d.A.selectByExample                : ==>  Preparing: select 'false' as QUERYID, id, article_id, category_id, created, modified from tbl_article_category WHERE ( article_id = ? ) 
2019-07-17 20:20:21.850 DEBUG 23240 --- [http-nio-8080-exec-4] c.r.m.d.A.selectByExample                : ==> Parameters: 29(Long)
2019-07-17 20:20:21.851 DEBUG 23240 --- [http-nio-8080-exec-4] c.r.m.d.A.selectByExample                : <==      Total: 1
2019-07-17 20:20:21.851 DEBUG 23240 --- [http-nio-8080-exec-4] c.r.m.d.C.selectByPrimaryKey             : ==>  Preparing: select id, name, is_effective, created, modified from tbl_category_info where id = ? 
2019-07-17 20:20:21.851 DEBUG 23240 --- [http-nio-8080-exec-4] c.r.m.d.C.selectByPrimaryKey             : ==> Parameters: 12(Long)
2019-07-17 20:20:21.852 DEBUG 23240 --- [http-nio-8080-exec-4] c.r.m.d.C.selectByPrimaryKey             : <==      Total: 1
2019-07-17 20:20:21.853 DEBUG 23240 --- [http-nio-8080-exec-4] c.r.m.d.A.selectByExample                : ==>  Preparing: select 'false' as QUERYID, id, article_id, image_url, created, modified from tbl_article_image WHERE ( article_id = ? ) 
2019-07-17 20:20:21.853 DEBUG 23240 --- [http-nio-8080-exec-4] c.r.m.d.A.selectByExample                : ==> Parameters: 28(Long)
2019-07-17 20:20:21.853 DEBUG 23240 --- [http-nio-8080-exec-4] c.r.m.d.A.selectByExample                : <==      Total: 1
2019-07-17 20:20:21.854 DEBUG 23240 --- [http-nio-8080-exec-4] c.r.m.d.A.selectByExample                : ==>  Preparing: select 'false' as QUERYID, id, article_id, category_id, created, modified from tbl_article_category WHERE ( article_id = ? ) 
2019-07-17 20:20:21.854 DEBUG 23240 --- [http-nio-8080-exec-4] c.r.m.d.A.selectByExample                : ==> Parameters: 28(Long)
2019-07-17 20:20:21.855 DEBUG 23240 --- [http-nio-8080-exec-4] c.r.m.d.A.selectByExample                : <==      Total: 1
2019-07-17 20:20:21.855 DEBUG 23240 --- [http-nio-8080-exec-4] c.r.m.d.C.selectByPrimaryKey             : ==>  Preparing: select id, name, is_effective, created, modified from tbl_category_info where id = ? 
2019-07-17 20:20:21.855 DEBUG 23240 --- [http-nio-8080-exec-4] c.r.m.d.C.selectByPrimaryKey             : ==> Parameters: 12(Long)
2019-07-17 20:20:21.856 DEBUG 23240 --- [http-nio-8080-exec-4] c.r.m.d.C.selectByPrimaryKey             : <==      Total: 1
2019-07-17 20:20:21.856  INFO 23240 --- [http-nio-8080-exec-4] com.ray.myblog.aspect.HttpRequestAspect  : ----------执行完成----------
2019-07-17 20:20:21.856  INFO 23240 --- [http-nio-8080-exec-4] com.ray.myblog.aspect.HttpRequestAspect  : 切入返回：index
2019-07-17 20:21:43.547  INFO 23240 --- [http-nio-8080-exec-9] com.ray.myblog.aspect.HttpRequestAspect  : ----------开始切入----------
2019-07-17 20:21:43.547  INFO 23240 --- [http-nio-8080-exec-9] com.ray.myblog.aspect.HttpRequestAspect  : requestIp=0:0:0:0:0:0:0:1, requestUri=/myblog/
2019-07-17 20:21:43.552 DEBUG 23240 --- [http-nio-8080-exec-9] c.r.m.d.SystemLogMapper.insertSelective  : ==>  Preparing: insert into tbl_sys_log ( ip, uri ) values ( ?, ? ) 
2019-07-17 20:21:43.553 DEBUG 23240 --- [http-nio-8080-exec-9] c.r.m.d.SystemLogMapper.insertSelective  : ==> Parameters: 0:0:0:0:0:0:0:1(String), /myblog/(String)
2019-07-17 20:21:43.559 DEBUG 23240 --- [http-nio-8080-exec-9] c.r.m.d.SystemLogMapper.insertSelective  : <==    Updates: 1
2019-07-17 20:21:43.560 DEBUG 23240 --- [http-nio-8080-exec-9] c.r.m.d.A.selectByExample_COUNT          : ==>  Preparing: SELECT count(0) FROM tbl_article_info 
2019-07-17 20:21:43.560 DEBUG 23240 --- [http-nio-8080-exec-9] c.r.m.d.A.selectByExample_COUNT          : ==> Parameters: 
2019-07-17 20:21:43.561 DEBUG 23240 --- [http-nio-8080-exec-9] c.r.m.d.A.selectByExample_COUNT          : <==      Total: 1
2019-07-17 20:21:43.562 DEBUG 23240 --- [http-nio-8080-exec-9] c.r.m.d.A.selectByExample                : ==>  Preparing: SELECT 'false' AS QUERYID, id, title, summary, view_times, is_top, created, modified FROM tbl_article_info order by id DESC LIMIT ? 
2019-07-17 20:21:43.562 DEBUG 23240 --- [http-nio-8080-exec-9] c.r.m.d.A.selectByExample                : ==> Parameters: 5(Integer)
2019-07-17 20:21:43.564 DEBUG 23240 --- [http-nio-8080-exec-9] c.r.m.d.A.selectByExample                : <==      Total: 5
2019-07-17 20:21:43.566 DEBUG 23240 --- [http-nio-8080-exec-9] c.r.m.d.A.selectByExample                : ==>  Preparing: select 'false' as QUERYID, id, article_id, image_url, created, modified from tbl_article_image WHERE ( article_id = ? ) 
2019-07-17 20:21:43.566 DEBUG 23240 --- [http-nio-8080-exec-9] c.r.m.d.A.selectByExample                : ==> Parameters: 34(Long)
2019-07-17 20:21:43.567 DEBUG 23240 --- [http-nio-8080-exec-9] c.r.m.d.A.selectByExample                : <==      Total: 1
2019-07-17 20:21:43.568 DEBUG 23240 --- [http-nio-8080-exec-9] c.r.m.d.A.selectByExample                : ==>  Preparing: select 'false' as QUERYID, id, article_id, category_id, created, modified from tbl_article_category WHERE ( article_id = ? ) 
2019-07-17 20:21:43.568 DEBUG 23240 --- [http-nio-8080-exec-9] c.r.m.d.A.selectByExample                : ==> Parameters: 34(Long)
2019-07-17 20:21:43.570 DEBUG 23240 --- [http-nio-8080-exec-9] c.r.m.d.A.selectByExample                : <==      Total: 1
2019-07-17 20:21:43.570 DEBUG 23240 --- [http-nio-8080-exec-9] c.r.m.d.C.selectByPrimaryKey             : ==>  Preparing: select id, name, is_effective, created, modified from tbl_category_info where id = ? 
2019-07-17 20:21:43.570 DEBUG 23240 --- [http-nio-8080-exec-9] c.r.m.d.C.selectByPrimaryKey             : ==> Parameters: 18(Long)
2019-07-17 20:21:43.572 DEBUG 23240 --- [http-nio-8080-exec-9] c.r.m.d.C.selectByPrimaryKey             : <==      Total: 1
2019-07-17 20:21:43.573 DEBUG 23240 --- [http-nio-8080-exec-9] c.r.m.d.A.selectByExample                : ==>  Preparing: select 'false' as QUERYID, id, article_id, image_url, created, modified from tbl_article_image WHERE ( article_id = ? ) 
2019-07-17 20:21:43.574 DEBUG 23240 --- [http-nio-8080-exec-9] c.r.m.d.A.selectByExample                : ==> Parameters: 32(Long)
2019-07-17 20:21:43.575 DEBUG 23240 --- [http-nio-8080-exec-9] c.r.m.d.A.selectByExample                : <==      Total: 1
2019-07-17 20:21:43.576 DEBUG 23240 --- [http-nio-8080-exec-9] c.r.m.d.A.selectByExample                : ==>  Preparing: select 'false' as QUERYID, id, article_id, category_id, created, modified from tbl_article_category WHERE ( article_id = ? ) 
2019-07-17 20:21:43.576 DEBUG 23240 --- [http-nio-8080-exec-9] c.r.m.d.A.selectByExample                : ==> Parameters: 32(Long)
2019-07-17 20:21:43.577 DEBUG 23240 --- [http-nio-8080-exec-9] c.r.m.d.A.selectByExample                : <==      Total: 1
2019-07-17 20:21:43.577 DEBUG 23240 --- [http-nio-8080-exec-9] c.r.m.d.C.selectByPrimaryKey             : ==>  Preparing: select id, name, is_effective, created, modified from tbl_category_info where id = ? 
2019-07-17 20:21:43.577 DEBUG 23240 --- [http-nio-8080-exec-9] c.r.m.d.C.selectByPrimaryKey             : ==> Parameters: 17(Long)
2019-07-17 20:21:43.578 DEBUG 23240 --- [http-nio-8080-exec-9] c.r.m.d.C.selectByPrimaryKey             : <==      Total: 1
2019-07-17 20:21:43.579 DEBUG 23240 --- [http-nio-8080-exec-9] c.r.m.d.A.selectByExample                : ==>  Preparing: select 'false' as QUERYID, id, article_id, image_url, created, modified from tbl_article_image WHERE ( article_id = ? ) 
2019-07-17 20:21:43.579 DEBUG 23240 --- [http-nio-8080-exec-9] c.r.m.d.A.selectByExample                : ==> Parameters: 31(Long)
2019-07-17 20:21:43.580 DEBUG 23240 --- [http-nio-8080-exec-9] c.r.m.d.A.selectByExample                : <==      Total: 1
2019-07-17 20:21:43.580 DEBUG 23240 --- [http-nio-8080-exec-9] c.r.m.d.A.selectByExample                : ==>  Preparing: select 'false' as QUERYID, id, article_id, category_id, created, modified from tbl_article_category WHERE ( article_id = ? ) 
2019-07-17 20:21:43.581 DEBUG 23240 --- [http-nio-8080-exec-9] c.r.m.d.A.selectByExample                : ==> Parameters: 31(Long)
2019-07-17 20:21:43.582 DEBUG 23240 --- [http-nio-8080-exec-9] c.r.m.d.A.selectByExample                : <==      Total: 1
2019-07-17 20:21:43.582 DEBUG 23240 --- [http-nio-8080-exec-9] c.r.m.d.C.selectByPrimaryKey             : ==>  Preparing: select id, name, is_effective, created, modified from tbl_category_info where id = ? 
2019-07-17 20:21:43.582 DEBUG 23240 --- [http-nio-8080-exec-9] c.r.m.d.C.selectByPrimaryKey             : ==> Parameters: 16(Long)
2019-07-17 20:21:43.583 DEBUG 23240 --- [http-nio-8080-exec-9] c.r.m.d.C.selectByPrimaryKey             : <==      Total: 1
2019-07-17 20:21:43.583 DEBUG 23240 --- [http-nio-8080-exec-9] c.r.m.d.A.selectByExample                : ==>  Preparing: select 'false' as QUERYID, id, article_id, image_url, created, modified from tbl_article_image WHERE ( article_id = ? ) 
2019-07-17 20:21:43.583 DEBUG 23240 --- [http-nio-8080-exec-9] c.r.m.d.A.selectByExample                : ==> Parameters: 29(Long)
2019-07-17 20:21:43.584 DEBUG 23240 --- [http-nio-8080-exec-9] c.r.m.d.A.selectByExample                : <==      Total: 1
2019-07-17 20:21:43.584 DEBUG 23240 --- [http-nio-8080-exec-9] c.r.m.d.A.selectByExample                : ==>  Preparing: select 'false' as QUERYID, id, article_id, category_id, created, modified from tbl_article_category WHERE ( article_id = ? ) 
2019-07-17 20:21:43.584 DEBUG 23240 --- [http-nio-8080-exec-9] c.r.m.d.A.selectByExample                : ==> Parameters: 29(Long)
2019-07-17 20:21:43.585 DEBUG 23240 --- [http-nio-8080-exec-9] c.r.m.d.A.selectByExample                : <==      Total: 1
2019-07-17 20:21:43.585 DEBUG 23240 --- [http-nio-8080-exec-9] c.r.m.d.C.selectByPrimaryKey             : ==>  Preparing: select id, name, is_effective, created, modified from tbl_category_info where id = ? 
2019-07-17 20:21:43.585 DEBUG 23240 --- [http-nio-8080-exec-9] c.r.m.d.C.selectByPrimaryKey             : ==> Parameters: 12(Long)
2019-07-17 20:21:43.586 DEBUG 23240 --- [http-nio-8080-exec-9] c.r.m.d.C.selectByPrimaryKey             : <==      Total: 1
2019-07-17 20:21:43.586 DEBUG 23240 --- [http-nio-8080-exec-9] c.r.m.d.A.selectByExample                : ==>  Preparing: select 'false' as QUERYID, id, article_id, image_url, created, modified from tbl_article_image WHERE ( article_id = ? ) 
2019-07-17 20:21:43.586 DEBUG 23240 --- [http-nio-8080-exec-9] c.r.m.d.A.selectByExample                : ==> Parameters: 28(Long)
2019-07-17 20:21:43.587 DEBUG 23240 --- [http-nio-8080-exec-9] c.r.m.d.A.selectByExample                : <==      Total: 1
2019-07-17 20:21:43.587 DEBUG 23240 --- [http-nio-8080-exec-9] c.r.m.d.A.selectByExample                : ==>  Preparing: select 'false' as QUERYID, id, article_id, category_id, created, modified from tbl_article_category WHERE ( article_id = ? ) 
2019-07-17 20:21:43.588 DEBUG 23240 --- [http-nio-8080-exec-9] c.r.m.d.A.selectByExample                : ==> Parameters: 28(Long)
2019-07-17 20:21:43.588 DEBUG 23240 --- [http-nio-8080-exec-9] c.r.m.d.A.selectByExample                : <==      Total: 1
2019-07-17 20:21:43.588 DEBUG 23240 --- [http-nio-8080-exec-9] c.r.m.d.C.selectByPrimaryKey             : ==>  Preparing: select id, name, is_effective, created, modified from tbl_category_info where id = ? 
2019-07-17 20:21:43.589 DEBUG 23240 --- [http-nio-8080-exec-9] c.r.m.d.C.selectByPrimaryKey             : ==> Parameters: 12(Long)
2019-07-17 20:21:43.589 DEBUG 23240 --- [http-nio-8080-exec-9] c.r.m.d.C.selectByPrimaryKey             : <==      Total: 1
2019-07-17 20:21:43.589  INFO 23240 --- [http-nio-8080-exec-9] com.ray.myblog.aspect.HttpRequestAspect  : ----------执行完成----------
2019-07-17 20:21:43.589  INFO 23240 --- [http-nio-8080-exec-9] com.ray.myblog.aspect.HttpRequestAspect  : 切入返回：index
2019-07-17 20:23:04.237  INFO 23240 --- [http-nio-8080-exec-5] com.ray.myblog.aspect.HttpRequestAspect  : ----------开始切入----------
2019-07-17 20:23:04.237  INFO 23240 --- [http-nio-8080-exec-5] com.ray.myblog.aspect.HttpRequestAspect  : requestIp=0:0:0:0:0:0:0:1, requestUri=/myblog/
2019-07-17 20:23:04.242 DEBUG 23240 --- [http-nio-8080-exec-5] c.r.m.d.SystemLogMapper.insertSelective  : ==>  Preparing: insert into tbl_sys_log ( ip, uri ) values ( ?, ? ) 
2019-07-17 20:23:04.242 DEBUG 23240 --- [http-nio-8080-exec-5] c.r.m.d.SystemLogMapper.insertSelective  : ==> Parameters: 0:0:0:0:0:0:0:1(String), /myblog/(String)
2019-07-17 20:23:04.245 DEBUG 23240 --- [http-nio-8080-exec-5] c.r.m.d.SystemLogMapper.insertSelective  : <==    Updates: 1
2019-07-17 20:23:04.246 DEBUG 23240 --- [http-nio-8080-exec-5] c.r.m.d.A.selectByExample_COUNT          : ==>  Preparing: SELECT count(0) FROM tbl_article_info 
2019-07-17 20:23:04.246 DEBUG 23240 --- [http-nio-8080-exec-5] c.r.m.d.A.selectByExample_COUNT          : ==> Parameters: 
2019-07-17 20:23:04.247 DEBUG 23240 --- [http-nio-8080-exec-5] c.r.m.d.A.selectByExample_COUNT          : <==      Total: 1
2019-07-17 20:23:04.251 DEBUG 23240 --- [http-nio-8080-exec-5] c.r.m.d.A.selectByExample                : ==>  Preparing: SELECT 'false' AS QUERYID, id, title, summary, view_times, is_top, created, modified FROM tbl_article_info order by id DESC LIMIT ? 
2019-07-17 20:23:04.251 DEBUG 23240 --- [http-nio-8080-exec-5] c.r.m.d.A.selectByExample                : ==> Parameters: 5(Integer)
2019-07-17 20:23:04.252 DEBUG 23240 --- [http-nio-8080-exec-5] c.r.m.d.A.selectByExample                : <==      Total: 5
2019-07-17 20:23:04.253 DEBUG 23240 --- [http-nio-8080-exec-5] c.r.m.d.A.selectByExample                : ==>  Preparing: select 'false' as QUERYID, id, article_id, image_url, created, modified from tbl_article_image WHERE ( article_id = ? ) 
2019-07-17 20:23:04.253 DEBUG 23240 --- [http-nio-8080-exec-5] c.r.m.d.A.selectByExample                : ==> Parameters: 34(Long)
2019-07-17 20:23:04.254 DEBUG 23240 --- [http-nio-8080-exec-5] c.r.m.d.A.selectByExample                : <==      Total: 1
2019-07-17 20:23:04.254 DEBUG 23240 --- [http-nio-8080-exec-5] c.r.m.d.A.selectByExample                : ==>  Preparing: select 'false' as QUERYID, id, article_id, category_id, created, modified from tbl_article_category WHERE ( article_id = ? ) 
2019-07-17 20:23:04.254 DEBUG 23240 --- [http-nio-8080-exec-5] c.r.m.d.A.selectByExample                : ==> Parameters: 34(Long)
2019-07-17 20:23:04.255 DEBUG 23240 --- [http-nio-8080-exec-5] c.r.m.d.A.selectByExample                : <==      Total: 1
2019-07-17 20:23:04.255 DEBUG 23240 --- [http-nio-8080-exec-5] c.r.m.d.C.selectByPrimaryKey             : ==>  Preparing: select id, name, is_effective, created, modified from tbl_category_info where id = ? 
2019-07-17 20:23:04.255 DEBUG 23240 --- [http-nio-8080-exec-5] c.r.m.d.C.selectByPrimaryKey             : ==> Parameters: 18(Long)
2019-07-17 20:23:04.256 DEBUG 23240 --- [http-nio-8080-exec-5] c.r.m.d.C.selectByPrimaryKey             : <==      Total: 1
2019-07-17 20:23:04.256 DEBUG 23240 --- [http-nio-8080-exec-5] c.r.m.d.A.selectByExample                : ==>  Preparing: select 'false' as QUERYID, id, article_id, image_url, created, modified from tbl_article_image WHERE ( article_id = ? ) 
2019-07-17 20:23:04.256 DEBUG 23240 --- [http-nio-8080-exec-5] c.r.m.d.A.selectByExample                : ==> Parameters: 32(Long)
2019-07-17 20:23:04.257 DEBUG 23240 --- [http-nio-8080-exec-5] c.r.m.d.A.selectByExample                : <==      Total: 1
2019-07-17 20:23:04.257 DEBUG 23240 --- [http-nio-8080-exec-5] c.r.m.d.A.selectByExample                : ==>  Preparing: select 'false' as QUERYID, id, article_id, category_id, created, modified from tbl_article_category WHERE ( article_id = ? ) 
2019-07-17 20:23:04.257 DEBUG 23240 --- [http-nio-8080-exec-5] c.r.m.d.A.selectByExample                : ==> Parameters: 32(Long)
2019-07-17 20:23:04.258 DEBUG 23240 --- [http-nio-8080-exec-5] c.r.m.d.A.selectByExample                : <==      Total: 1
2019-07-17 20:23:04.258 DEBUG 23240 --- [http-nio-8080-exec-5] c.r.m.d.C.selectByPrimaryKey             : ==>  Preparing: select id, name, is_effective, created, modified from tbl_category_info where id = ? 
2019-07-17 20:23:04.258 DEBUG 23240 --- [http-nio-8080-exec-5] c.r.m.d.C.selectByPrimaryKey             : ==> Parameters: 17(Long)
2019-07-17 20:23:04.259 DEBUG 23240 --- [http-nio-8080-exec-5] c.r.m.d.C.selectByPrimaryKey             : <==      Total: 1
2019-07-17 20:23:04.259 DEBUG 23240 --- [http-nio-8080-exec-5] c.r.m.d.A.selectByExample                : ==>  Preparing: select 'false' as QUERYID, id, article_id, image_url, created, modified from tbl_article_image WHERE ( article_id = ? ) 
2019-07-17 20:23:04.259 DEBUG 23240 --- [http-nio-8080-exec-5] c.r.m.d.A.selectByExample                : ==> Parameters: 31(Long)
2019-07-17 20:23:04.260 DEBUG 23240 --- [http-nio-8080-exec-5] c.r.m.d.A.selectByExample                : <==      Total: 1
2019-07-17 20:23:04.261 DEBUG 23240 --- [http-nio-8080-exec-5] c.r.m.d.A.selectByExample                : ==>  Preparing: select 'false' as QUERYID, id, article_id, category_id, created, modified from tbl_article_category WHERE ( article_id = ? ) 
2019-07-17 20:23:04.261 DEBUG 23240 --- [http-nio-8080-exec-5] c.r.m.d.A.selectByExample                : ==> Parameters: 31(Long)
2019-07-17 20:23:04.262 DEBUG 23240 --- [http-nio-8080-exec-5] c.r.m.d.A.selectByExample                : <==      Total: 1
2019-07-17 20:23:04.262 DEBUG 23240 --- [http-nio-8080-exec-5] c.r.m.d.C.selectByPrimaryKey             : ==>  Preparing: select id, name, is_effective, created, modified from tbl_category_info where id = ? 
2019-07-17 20:23:04.262 DEBUG 23240 --- [http-nio-8080-exec-5] c.r.m.d.C.selectByPrimaryKey             : ==> Parameters: 16(Long)
2019-07-17 20:23:04.263 DEBUG 23240 --- [http-nio-8080-exec-5] c.r.m.d.C.selectByPrimaryKey             : <==      Total: 1
2019-07-17 20:23:04.263 DEBUG 23240 --- [http-nio-8080-exec-5] c.r.m.d.A.selectByExample                : ==>  Preparing: select 'false' as QUERYID, id, article_id, image_url, created, modified from tbl_article_image WHERE ( article_id = ? ) 
2019-07-17 20:23:04.264 DEBUG 23240 --- [http-nio-8080-exec-5] c.r.m.d.A.selectByExample                : ==> Parameters: 29(Long)
2019-07-17 20:23:04.265 DEBUG 23240 --- [http-nio-8080-exec-5] c.r.m.d.A.selectByExample                : <==      Total: 1
2019-07-17 20:23:04.265 DEBUG 23240 --- [http-nio-8080-exec-5] c.r.m.d.A.selectByExample                : ==>  Preparing: select 'false' as QUERYID, id, article_id, category_id, created, modified from tbl_article_category WHERE ( article_id = ? ) 
2019-07-17 20:23:04.265 DEBUG 23240 --- [http-nio-8080-exec-5] c.r.m.d.A.selectByExample                : ==> Parameters: 29(Long)
2019-07-17 20:23:04.266 DEBUG 23240 --- [http-nio-8080-exec-5] c.r.m.d.A.selectByExample                : <==      Total: 1
2019-07-17 20:23:04.266 DEBUG 23240 --- [http-nio-8080-exec-5] c.r.m.d.C.selectByPrimaryKey             : ==>  Preparing: select id, name, is_effective, created, modified from tbl_category_info where id = ? 
2019-07-17 20:23:04.266 DEBUG 23240 --- [http-nio-8080-exec-5] c.r.m.d.C.selectByPrimaryKey             : ==> Parameters: 12(Long)
2019-07-17 20:23:04.267 DEBUG 23240 --- [http-nio-8080-exec-5] c.r.m.d.C.selectByPrimaryKey             : <==      Total: 1
2019-07-17 20:23:04.268 DEBUG 23240 --- [http-nio-8080-exec-5] c.r.m.d.A.selectByExample                : ==>  Preparing: select 'false' as QUERYID, id, article_id, image_url, created, modified from tbl_article_image WHERE ( article_id = ? ) 
2019-07-17 20:23:04.268 DEBUG 23240 --- [http-nio-8080-exec-5] c.r.m.d.A.selectByExample                : ==> Parameters: 28(Long)
2019-07-17 20:23:04.269 DEBUG 23240 --- [http-nio-8080-exec-5] c.r.m.d.A.selectByExample                : <==      Total: 1
2019-07-17 20:23:04.270 DEBUG 23240 --- [http-nio-8080-exec-5] c.r.m.d.A.selectByExample                : ==>  Preparing: select 'false' as QUERYID, id, article_id, category_id, created, modified from tbl_article_category WHERE ( article_id = ? ) 
2019-07-17 20:23:04.270 DEBUG 23240 --- [http-nio-8080-exec-5] c.r.m.d.A.selectByExample                : ==> Parameters: 28(Long)
2019-07-17 20:23:04.270 DEBUG 23240 --- [http-nio-8080-exec-5] c.r.m.d.A.selectByExample                : <==      Total: 1
2019-07-17 20:23:04.271 DEBUG 23240 --- [http-nio-8080-exec-5] c.r.m.d.C.selectByPrimaryKey             : ==>  Preparing: select id, name, is_effective, created, modified from tbl_category_info where id = ? 
2019-07-17 20:23:04.271 DEBUG 23240 --- [http-nio-8080-exec-5] c.r.m.d.C.selectByPrimaryKey             : ==> Parameters: 12(Long)
2019-07-17 20:23:04.271 DEBUG 23240 --- [http-nio-8080-exec-5] c.r.m.d.C.selectByPrimaryKey             : <==      Total: 1
2019-07-17 20:23:04.272  INFO 23240 --- [http-nio-8080-exec-5] com.ray.myblog.aspect.HttpRequestAspect  : ----------执行完成----------
2019-07-17 20:23:04.272  INFO 23240 --- [http-nio-8080-exec-5] com.ray.myblog.aspect.HttpRequestAspect  : 切入返回：index
